<?xml version="1.0" encoding="UTF-8"?>
<!-- Generated by org.testng.reporters.JUnitReportReporter -->
<testsuite skipped="0" hostname="JK-PC" name="com.qa.TestScript.HomePageTest" tests="1" failures="0" timestamp="22 Aug 2019 15:35:01 GMT" time="22.876" errors="0">
  <testcase name="loginButtonEnableTest" time="22.876" classname="com.qa.TestScript.HomePageTest"/>
</testsuite> <!-- com.qa.TestScript.HomePageTest -->
